# project lilv (0.20.0) configured on Wed Jul 20 04:37:34 2022 by
# waf 1.7.16 (abi 98, python 20710f0 on linux2)
# using waf --prefix=. --include=. --static --no-shared --no-utils configure
#
----------------------------------------
Setting top to
/home/noah/Documents/auda/audacity/build/lib-src/lv2/lilv
----------------------------------------
Setting out to
/home/noah/Documents/auda/audacity/build/lib-src/lv2/lilv/build
----------------------------------------
Checking for 'gcc' (c compiler)
find program=['gcc', 'cc'] paths=['/home/noah/.local/bin', '/usr/local/bin', '/usr/bin', '/bin', '/usr/local/games', '/usr/games', '/sbin', '/usr/sbin'] var='CC' -> '/usr/bin/gcc'
find program=['ar'] paths=['/home/noah/.local/bin', '/usr/local/bin', '/usr/bin', '/bin', '/usr/local/games', '/usr/games', '/sbin', '/usr/sbin'] var='AR' -> '/usr/bin/ar'
/usr/bin/gcc
----------------------------------------
Checking for program pkg-config
/usr/bin/pkg-config
find program=['pkg-config'] paths=['/home/noah/.local/bin', '/usr/local/bin', '/usr/bin', '/bin', '/usr/local/games', '/usr/games', '/sbin', '/usr/sbin'] var='PKGCONFIG' -> '/usr/bin/pkg-config'
----------------------------------------
Checking for 'lv2' >= 1.8.0
['/usr/bin/pkg-config', '--atleast-version=1.8.0', 'lv2']
['/usr/bin/pkg-config', '--cflags', '--libs', 'lv2']
out: -I./lv2 -L/home/noah/Documents/auda/audacity/build/lib-src/lv2/lv2/lib -ldl -lm

yes
----------------------------------------
Checking for 'serd-0' >= 0.14.0
['/usr/bin/pkg-config', '--atleast-version=0.14.0', 'serd-0']
['/usr/bin/pkg-config', '--cflags', '--libs', 'serd-0']
out: -I./serd-0 -L/home/noah/Documents/auda/audacity/build/lib-src/lv2/serd/lib -lserd-0 -ldl -lm

yes
----------------------------------------
Checking for 'sord-0' >= 0.12.0
['/usr/bin/pkg-config', '--atleast-version=0.12.0', 'sord-0']
['/usr/bin/pkg-config', '--cflags', '--libs', 'sord-0']
out: -I./sord-0 -L/home/noah/Documents/auda/audacity/build/lib-src/lv2/sord/lib -lsord-0 -ldl -lm

yes
----------------------------------------
Checking for 'sratom-0' >= 0.4.0
['/usr/bin/pkg-config', '--atleast-version=0.4.0', 'sratom-0']
['/usr/bin/pkg-config', '--cflags', '--libs', 'sratom-0']
out: -I./sratom-0 -L/home/noah/Documents/auda/audacity/build/lib-src/lv2/sratom/lib -lsratom-0 -ldl -lm

yes
----------------------------------------
Checking for function flock
==>
#include <sys/file.h>

int main(int argc, char **argv) {
	void *p;
	(void)argc; (void)argv;
	p=(void*)(flock);
	return 0;
}

<==
[1/2] [32mc: build/.conf_check_ee9bfc1a2af8f53774a97bdffb390980/test.c -> build/.conf_check_ee9bfc1a2af8f53774a97bdffb390980/testbuild/test.c.1.o
[0m
['/usr/bin/gcc', '-I/home/noah/Documents/auda/audacity/build/lib-src/lv2/lilv', '-I/home/noah/Documents/auda/audacity/build/lib-src/lv2/sratom', '-I/home/noah/Documents/auda/audacity/build/lib-src/lv2/sratom/build', '-I/home/noah/Documents/auda/audacity/build/lib-src/lv2/sord', '-I/home/noah/Documents/auda/audacity/build/lib-src/lv2/sord/build', '-I/home/noah/Documents/auda/audacity/build/lib-src/lv2/serd', '-I/home/noah/Documents/auda/audacity/build/lib-src/lv2/serd/build', '-I/home/noah/Documents/auda/audacity/build/lib-src/lv2/lv2', '-I/home/noah/Documents/auda/audacity/build/lib-src/lv2/lv2/build', '-DNDEBUG', '-fshow-column', '-std=c99', '-I/home/noah/Documents/auda/audacity/build/lib-src/lv2/lilv/build/.conf_check_ee9bfc1a2af8f53774a97bdffb390980/testbuild', '-DHAVE_LV2=1', '-DHAVE_SERD=1', '-DHAVE_SORD=1', '-DHAVE_SRATOM=1', '-DLILV_NEW_LV2=1', '-D_POSIX_C_SOURCE', '-D_BSD_SOURCE', '../test.c', '-c', '-o', 'test.c.1.o']
err: In file included from /usr/include/x86_64-linux-gnu/sys/file.h:21,
                 from ../test.c:1:
/usr/include/features.h:184:3: warning: #warning "_BSD_SOURCE and _SVID_SOURCE are deprecated, use _DEFAULT_SOURCE" [-Wcpp]
 # warning "_BSD_SOURCE and _SVID_SOURCE are deprecated, use _DEFAULT_SOURCE"
   ^~~~~~~

[2/2] [33mcprogram: build/.conf_check_ee9bfc1a2af8f53774a97bdffb390980/testbuild/test.c.1.o -> build/.conf_check_ee9bfc1a2af8f53774a97bdffb390980/testbuild/testprog
[0m
['/usr/bin/gcc', '-L/home/noah/Documents/auda/audacity/build/lib-src/lv2/sratom/build', '-lsratom-0', '-L/home/noah/Documents/auda/audacity/build/lib-src/lv2/sord/build', '-lsord-0', '-L/home/noah/Documents/auda/audacity/build/lib-src/lv2/serd/build', '-lserd-0', '-L/home/noah/Documents/auda/audacity/build/lib-src/lv2/lv2/build', 'test.c.1.o', '-o', '/home/noah/Documents/auda/audacity/build/lib-src/lv2/lilv/build/.conf_check_ee9bfc1a2af8f53774a97bdffb390980/testbuild/testprog', '-Wl,-Bstatic', '-Wl,-Bdynamic']
err: /usr/bin/ld: cannot find -lsratom-0
/usr/bin/ld: cannot find -lsord-0
/usr/bin/ld: cannot find -lserd-0
collect2: error: ld returned 1 exit status

from /home/noah/Documents/auda/audacity/build/lib-src/lv2/lilv: Test does not build: Traceback (most recent call last):
  File "/home/noah/Documents/auda/audacity/build/lib-src/lv2/lilv/waflib/Tools/c_config.py", line 460, in run_c_code
    bld.compile()
  File "/home/noah/Documents/auda/audacity/build/lib-src/lv2/lilv/waflib/Build.py", line 188, in compile
    raise Errors.BuildError(self.producer.error)
BuildError: Build failed
 -> task in 'testprog' failed (exit status 1): 
	{task 140660741875472: cprogram test.c.1.o -> testprog}
['/usr/bin/gcc', '-L/home/noah/Documents/auda/audacity/build/lib-src/lv2/sratom/build', '-lsratom-0', '-L/home/noah/Documents/auda/audacity/build/lib-src/lv2/sord/build', '-lsord-0', '-L/home/noah/Documents/auda/audacity/build/lib-src/lv2/serd/build', '-lserd-0', '-L/home/noah/Documents/auda/audacity/build/lib-src/lv2/lv2/build', 'test.c.1.o', '-o', '/home/noah/Documents/auda/audacity/build/lib-src/lv2/lilv/build/.conf_check_ee9bfc1a2af8f53774a97bdffb390980/testbuild/testprog', '-Wl,-Bstatic', '-Wl,-Bdynamic']

not found
from /home/noah/Documents/auda/audacity/build/lib-src/lv2/lilv: The configuration failed
----------------------------------------
Checking for function fileno
==>
#include <stdio.h>

int main(int argc, char **argv) {
	void *p;
	(void)argc; (void)argv;
	p=(void*)(fileno);
	return 0;
}

<==
[1/2] [32mc: build/.conf_check_77264577865b85903f850f3623f4271d/test.c -> build/.conf_check_77264577865b85903f850f3623f4271d/testbuild/test.c.1.o
[0m
['/usr/bin/gcc', '-I/home/noah/Documents/auda/audacity/build/lib-src/lv2/lilv', '-I/home/noah/Documents/auda/audacity/build/lib-src/lv2/sratom', '-I/home/noah/Documents/auda/audacity/build/lib-src/lv2/sratom/build', '-I/home/noah/Documents/auda/audacity/build/lib-src/lv2/sord', '-I/home/noah/Documents/auda/audacity/build/lib-src/lv2/sord/build', '-I/home/noah/Documents/auda/audacity/build/lib-src/lv2/serd', '-I/home/noah/Documents/auda/audacity/build/lib-src/lv2/serd/build', '-I/home/noah/Documents/auda/audacity/build/lib-src/lv2/lv2', '-I/home/noah/Documents/auda/audacity/build/lib-src/lv2/lv2/build', '-DNDEBUG', '-fshow-column', '-std=c99', '-I/home/noah/Documents/auda/audacity/build/lib-src/lv2/lilv/build/.conf_check_77264577865b85903f850f3623f4271d/testbuild', '-DHAVE_LV2=1', '-DHAVE_SERD=1', '-DHAVE_SORD=1', '-DHAVE_SRATOM=1', '-DLILV_NEW_LV2=1', '-D_POSIX_C_SOURCE', '-D_BSD_SOURCE', '../test.c', '-c', '-o', 'test.c.1.o']
err: In file included from /usr/include/x86_64-linux-gnu/bits/libc-header-start.h:33,
                 from /usr/include/stdio.h:27,
                 from ../test.c:1:
/usr/include/features.h:184:3: warning: #warning "_BSD_SOURCE and _SVID_SOURCE are deprecated, use _DEFAULT_SOURCE" [-Wcpp]
 # warning "_BSD_SOURCE and _SVID_SOURCE are deprecated, use _DEFAULT_SOURCE"
   ^~~~~~~

[2/2] [33mcprogram: build/.conf_check_77264577865b85903f850f3623f4271d/testbuild/test.c.1.o -> build/.conf_check_77264577865b85903f850f3623f4271d/testbuild/testprog
[0m
['/usr/bin/gcc', '-L/home/noah/Documents/auda/audacity/build/lib-src/lv2/sratom/build', '-lsratom-0', '-L/home/noah/Documents/auda/audacity/build/lib-src/lv2/sord/build', '-lsord-0', '-L/home/noah/Documents/auda/audacity/build/lib-src/lv2/serd/build', '-lserd-0', '-L/home/noah/Documents/auda/audacity/build/lib-src/lv2/lv2/build', 'test.c.1.o', '-o', '/home/noah/Documents/auda/audacity/build/lib-src/lv2/lilv/build/.conf_check_77264577865b85903f850f3623f4271d/testbuild/testprog', '-Wl,-Bstatic', '-Wl,-Bdynamic']
err: /usr/bin/ld: cannot find -lsratom-0
/usr/bin/ld: cannot find -lsord-0
/usr/bin/ld: cannot find -lserd-0
collect2: error: ld returned 1 exit status

from /home/noah/Documents/auda/audacity/build/lib-src/lv2/lilv: Test does not build: Traceback (most recent call last):
  File "/home/noah/Documents/auda/audacity/build/lib-src/lv2/lilv/waflib/Tools/c_config.py", line 460, in run_c_code
    bld.compile()
  File "/home/noah/Documents/auda/audacity/build/lib-src/lv2/lilv/waflib/Build.py", line 188, in compile
    raise Errors.BuildError(self.producer.error)
BuildError: Build failed
 -> task in 'testprog' failed (exit status 1): 
	{task 140660742986448: cprogram test.c.1.o -> testprog}
['/usr/bin/gcc', '-L/home/noah/Documents/auda/audacity/build/lib-src/lv2/sratom/build', '-lsratom-0', '-L/home/noah/Documents/auda/audacity/build/lib-src/lv2/sord/build', '-lsord-0', '-L/home/noah/Documents/auda/audacity/build/lib-src/lv2/serd/build', '-lserd-0', '-L/home/noah/Documents/auda/audacity/build/lib-src/lv2/lv2/build', 'test.c.1.o', '-o', '/home/noah/Documents/auda/audacity/build/lib-src/lv2/lilv/build/.conf_check_77264577865b85903f850f3623f4271d/testbuild/testprog', '-Wl,-Bstatic', '-Wl,-Bdynamic']

not found
from /home/noah/Documents/auda/audacity/build/lib-src/lv2/lilv: The configuration failed
----------------------------------------
Checking for function clock_gettime
==>
#include <sys/time.h>
#include <time.h>

int main(int argc, char **argv) {
	void *p;
	(void)argc; (void)argv;
	p=(void*)(clock_gettime);
	return 0;
}

<==
[1/2] [32mc: build/.conf_check_b6669a2339ab58603deb81ae474f9559/test.c -> build/.conf_check_b6669a2339ab58603deb81ae474f9559/testbuild/test.c.1.o
[0m
['/usr/bin/gcc', '-I/home/noah/Documents/auda/audacity/build/lib-src/lv2/lilv', '-I/home/noah/Documents/auda/audacity/build/lib-src/lv2/sratom', '-I/home/noah/Documents/auda/audacity/build/lib-src/lv2/sratom/build', '-I/home/noah/Documents/auda/audacity/build/lib-src/lv2/sord', '-I/home/noah/Documents/auda/audacity/build/lib-src/lv2/sord/build', '-I/home/noah/Documents/auda/audacity/build/lib-src/lv2/serd', '-I/home/noah/Documents/auda/audacity/build/lib-src/lv2/serd/build', '-I/home/noah/Documents/auda/audacity/build/lib-src/lv2/lv2', '-I/home/noah/Documents/auda/audacity/build/lib-src/lv2/lv2/build', '-DNDEBUG', '-fshow-column', '-std=c99', '-I/home/noah/Documents/auda/audacity/build/lib-src/lv2/lilv/build/.conf_check_b6669a2339ab58603deb81ae474f9559/testbuild', '-DHAVE_LV2=1', '-DHAVE_SERD=1', '-DHAVE_SORD=1', '-DHAVE_SRATOM=1', '-DLILV_NEW_LV2=1', '-D_POSIX_C_SOURCE=199309L', '../test.c', '-c', '-o', 'test.c.1.o']
[2/2] [33mcprogram: build/.conf_check_b6669a2339ab58603deb81ae474f9559/testbuild/test.c.1.o -> build/.conf_check_b6669a2339ab58603deb81ae474f9559/testbuild/testprog
[0m
['/usr/bin/gcc', '-L/home/noah/Documents/auda/audacity/build/lib-src/lv2/sratom/build', '-lsratom-0', '-L/home/noah/Documents/auda/audacity/build/lib-src/lv2/sord/build', '-lsord-0', '-L/home/noah/Documents/auda/audacity/build/lib-src/lv2/serd/build', '-lserd-0', '-L/home/noah/Documents/auda/audacity/build/lib-src/lv2/lv2/build', 'test.c.1.o', '-o', '/home/noah/Documents/auda/audacity/build/lib-src/lv2/lilv/build/.conf_check_b6669a2339ab58603deb81ae474f9559/testbuild/testprog', '-Wl,-Bstatic', '-Wl,-Bdynamic', '-lrt']
err: /usr/bin/ld: cannot find -lsratom-0
/usr/bin/ld: cannot find -lsord-0
/usr/bin/ld: cannot find -lserd-0
collect2: error: ld returned 1 exit status

from /home/noah/Documents/auda/audacity/build/lib-src/lv2/lilv: Test does not build: Traceback (most recent call last):
  File "/home/noah/Documents/auda/audacity/build/lib-src/lv2/lilv/waflib/Tools/c_config.py", line 460, in run_c_code
    bld.compile()
  File "/home/noah/Documents/auda/audacity/build/lib-src/lv2/lilv/waflib/Build.py", line 188, in compile
    raise Errors.BuildError(self.producer.error)
BuildError: Build failed
 -> task in 'testprog' failed (exit status 1): 
	{task 140660742987664: cprogram test.c.1.o -> testprog}
['/usr/bin/gcc', '-L/home/noah/Documents/auda/audacity/build/lib-src/lv2/sratom/build', '-lsratom-0', '-L/home/noah/Documents/auda/audacity/build/lib-src/lv2/sord/build', '-lsord-0', '-L/home/noah/Documents/auda/audacity/build/lib-src/lv2/serd/build', '-lserd-0', '-L/home/noah/Documents/auda/audacity/build/lib-src/lv2/lv2/build', 'test.c.1.o', '-o', '/home/noah/Documents/auda/audacity/build/lib-src/lv2/lilv/build/.conf_check_b6669a2339ab58603deb81ae474f9559/testbuild/testprog', '-Wl,-Bstatic', '-Wl,-Bdynamic', '-lrt']

not found
from /home/noah/Documents/auda/audacity/build/lib-src/lv2/lilv: The configuration failed
